<?xml version="1.0" encoding="UTF-8"?>
<testng-results ignored="0" total="2" passed="1" failed="1" skipped="0">
  <reporter-output>
  </reporter-output>
  <suite started-at="2025-06-28T13:15:41 IST" name="Suite" finished-at="2025-06-28T13:16:06 IST" duration-ms="24854">
    <groups>
    </groups>
    <test started-at="2025-06-28T13:15:41 IST" name="Test" finished-at="2025-06-28T13:16:06 IST" duration-ms="24854">
      <class name="computers.TC_DWS_010_Test">
        <test-method is-config="true" signature="reportconfig()[pri:0, instance:computers.TC_DWS_010_Test@2de23121]" started-at="2025-06-28T13:15:41 IST" name="reportconfig" finished-at="2025-06-28T13:15:41 IST" duration-ms="232" status="PASS">
          <reporter-output>
          </reporter-output>
        </test-method> <!-- reportconfig -->
        <test-method is-config="true" signature="openBrowser()[pri:0, instance:computers.TC_DWS_010_Test@2de23121]" started-at="2025-06-28T13:15:41 IST" name="openBrowser" finished-at="2025-06-28T13:15:49 IST" duration-ms="8300" status="PASS">
          <reporter-output>
          </reporter-output>
        </test-method> <!-- openBrowser -->
        <test-method is-config="true" signature="login()[pri:0, instance:computers.TC_DWS_010_Test@2de23121]" started-at="2025-06-28T13:15:50 IST" name="login" finished-at="2025-06-28T13:15:51 IST" duration-ms="1258" status="PASS">
          <reporter-output>
          </reporter-output>
        </test-method> <!-- login -->
        <test-method signature="clickOnComputers()[pri:0, instance:computers.TC_DWS_010_Test@2de23121]" started-at="2025-06-28T13:15:51 IST" name="clickOnComputers" finished-at="2025-06-28T13:15:53 IST" duration-ms="1832" status="PASS">
          <reporter-output>
          </reporter-output>
        </test-method> <!-- clickOnComputers -->
        <test-method is-config="true" signature="logout()[pri:0, instance:computers.TC_DWS_010_Test@2de23121]" started-at="2025-06-28T13:15:53 IST" name="logout" finished-at="2025-06-28T13:15:54 IST" duration-ms="1527" status="PASS">
          <reporter-output>
          </reporter-output>
        </test-method> <!-- logout -->
        <test-method is-config="true" signature="closeBrowser()[pri:0, instance:computers.TC_DWS_010_Test@2de23121]" started-at="2025-06-28T13:15:54 IST" name="closeBrowser" finished-at="2025-06-28T13:15:55 IST" duration-ms="773" status="PASS">
          <reporter-output>
          </reporter-output>
        </test-method> <!-- closeBrowser -->
        <test-method is-config="true" signature="reportBackup()[pri:0, instance:computers.TC_DWS_010_Test@2de23121]" started-at="2025-06-28T13:16:06 IST" name="reportBackup" finished-at="2025-06-28T13:16:06 IST" duration-ms="280" status="PASS">
          <reporter-output>
          </reporter-output>
        </test-method> <!-- reportBackup -->
      </class> <!-- computers.TC_DWS_010_Test -->
      <class name="books.TC_DWS_001_Test">
        <test-method is-config="true" signature="openBrowser()[pri:0, instance:books.TC_DWS_001_Test@66d18979]" started-at="2025-06-28T13:15:55 IST" name="openBrowser" finished-at="2025-06-28T13:15:58 IST" duration-ms="2755" status="PASS">
          <reporter-output>
          </reporter-output>
        </test-method> <!-- openBrowser -->
        <test-method is-config="true" signature="login()[pri:0, instance:books.TC_DWS_001_Test@66d18979]" started-at="2025-06-28T13:15:58 IST" name="login" finished-at="2025-06-28T13:16:02 IST" duration-ms="4738" status="PASS">
          <reporter-output>
          </reporter-output>
        </test-method> <!-- login -->
        <test-method signature="clickOnBooks()[pri:0, instance:books.TC_DWS_001_Test@66d18979]" started-at="2025-06-28T13:16:02 IST" name="clickOnBooks" finished-at="2025-06-28T13:16:04 IST" duration-ms="1528" status="FAIL">
          <exception class="java.lang.AssertionError">
            <message>
              <![CDATA[Books page is not displayed expected [Demo Web Shop. ] but found [Demo Web Shop. Books]]]>
            </message>
            <full-stacktrace>
              <![CDATA[java.lang.AssertionError: Books page is not displayed expected [Demo Web Shop. ] but found [Demo Web Shop. Books]
at org.testng.Assert.fail(Assert.java:111)
at org.testng.Assert.failNotEquals(Assert.java:1578)
at org.testng.Assert.assertEqualsImpl(Assert.java:150)
at org.testng.Assert.assertEquals(Assert.java:132)
at org.testng.Assert.assertEquals(Assert.java:656)
at books.TC_DWS_001_Test.clickOnBooks(TC_DWS_001_Test.java:20)
at java.base/jdk.internal.reflect.DirectMethodHandleAccessor.invoke(DirectMethodHandleAccessor.java:103)
at java.base/java.lang.reflect.Method.invoke(Method.java:580)
at org.testng.internal.invokers.MethodInvocationHelper.invokeMethod(MethodInvocationHelper.java:141)
at org.testng.internal.invokers.TestInvoker.invokeMethod(TestInvoker.java:686)
at org.testng.internal.invokers.TestInvoker.invokeTestMethod(TestInvoker.java:230)
at org.testng.internal.invokers.MethodRunner.runInSequence(MethodRunner.java:63)
at org.testng.internal.invokers.TestInvoker$MethodInvocationAgent.invoke(TestInvoker.java:992)
at org.testng.internal.invokers.TestInvoker.invokeTestMethods(TestInvoker.java:203)
at org.testng.internal.invokers.TestMethodWorker.invokeTestMethods(TestMethodWorker.java:154)
at org.testng.internal.invokers.TestMethodWorker.run(TestMethodWorker.java:134)
at java.base/java.util.ArrayList.forEach(ArrayList.java:1597)
at org.testng.TestRunner.privateRun(TestRunner.java:739)
at org.testng.TestRunner.run(TestRunner.java:614)
at org.testng.SuiteRunner.runTest(SuiteRunner.java:421)
at org.testng.SuiteRunner.runSequentially(SuiteRunner.java:413)
at org.testng.SuiteRunner.privateRun(SuiteRunner.java:373)
at org.testng.SuiteRunner.run(SuiteRunner.java:312)
at org.testng.SuiteRunnerWorker.runSuite(SuiteRunnerWorker.java:52)
at org.testng.SuiteRunnerWorker.run(SuiteRunnerWorker.java:95)
at org.testng.TestNG.runSuitesSequentially(TestNG.java:1274)
at org.testng.TestNG.runSuitesLocally(TestNG.java:1208)
at org.testng.TestNG.runSuites(TestNG.java:1112)
at org.testng.TestNG.run(TestNG.java:1079)
at org.testng.remote.AbstractRemoteTestNG.run(AbstractRemoteTestNG.java:115)
at org.testng.remote.RemoteTestNG.initAndRun(RemoteTestNG.java:293)
at org.testng.remote.RemoteTestNG.main(RemoteTestNG.java:91)
]]>
            </full-stacktrace>
          </exception> <!-- java.lang.AssertionError -->
          <reporter-output>
          </reporter-output>
        </test-method> <!-- clickOnBooks -->
        <test-method is-config="true" signature="logout()[pri:0, instance:books.TC_DWS_001_Test@66d18979]" started-at="2025-06-28T13:16:04 IST" name="logout" finished-at="2025-06-28T13:16:05 IST" duration-ms="1292" status="PASS">
          <reporter-output>
          </reporter-output>
        </test-method> <!-- logout -->
        <test-method is-config="true" signature="closeBrowser()[pri:0, instance:books.TC_DWS_001_Test@66d18979]" started-at="2025-06-28T13:16:05 IST" name="closeBrowser" finished-at="2025-06-28T13:16:06 IST" duration-ms="535" status="PASS">
          <reporter-output>
          </reporter-output>
        </test-method> <!-- closeBrowser -->
      </class> <!-- books.TC_DWS_001_Test -->
    </test> <!-- Test -->
  </suite> <!-- Suite -->
</testng-results>
