<?xml version="1.0" encoding="UTF-8"?>
<!-- Generated by org.testng.reporters.JUnitXMLReporter -->
<testsuite ignored="2" hostname="DESKTOP-0H5R4VD" failures="1" tests="2" name="Test" time="24.854" errors="0" timestamp="2025-06-28T13:16:06 IST">
  <testcase classname="computers.TC_DWS_010_Test" name="clickOnComputers" time="1.832"/>
  <testcase classname="books.TC_DWS_001_Test" name="clickOnBooks" time="1.528">
    <failure type="java.lang.AssertionError" message="Books page is not displayed expected [Demo Web Shop. ] but found [Demo Web Shop. Books]">
      <![CDATA[java.lang.AssertionError: Books page is not displayed expected [Demo Web Shop. ] but found [Demo Web Shop. Books]
at books.TC_DWS_001_Test.clickOnBooks(TC_DWS_001_Test.java:20)
at java.base/java.util.ArrayList.forEach(ArrayList.java:1597)
... Removed 30 stack frames]]>
    </failure>
  </testcase> <!-- clickOnBooks -->
  <testcase classname="genericutility.BaseClass" name="@BeforeSuite reportconfig" time="0.0">
    <ignored/>
  </testcase> <!-- @BeforeSuite reportconfig -->
  <testcase classname="genericutility.BaseClass" name="@AfterSuite reportBackup" time="0.0">
    <ignored/>
  </testcase> <!-- @AfterSuite reportBackup -->
</testsuite> <!-- Test -->
